<?xml version="1.0" encoding="UTF-8"?>
<testsuite xmlns:xsi="http://www.w3.org/2001/XMLSchema-instance" xsi:noNamespaceSchemaLocation="https://maven.apache.org/surefire/maven-surefire-plugin/xsd/surefire-test-report-3.0.xsd" version="3.0" name="com.nuevospa.gestiontareas.api.delegate.TareasApiDelegateImplTest" time="0.185" tests="10" errors="0" skipped="0" failures="0">
  <properties>
    <property name="java.specification.version" value="21"/>
    <property name="sun.cpu.isalist" value="amd64"/>
    <property name="sun.jnu.encoding" value="Cp1252"/>
    <property name="java.class.path" value="C:\Users\rgalvezp\Documents\rorro\desafio-spring-boot\target\test-classes;C:\Users\rgalvezp\Documents\rorro\desafio-spring-boot\target\classes;C:\Users\rgalvezp\.m2\repository\org\springframework\boot\spring-boot-starter-web\3.1.9\spring-boot-starter-web-3.1.9.jar;C:\Users\rgalvezp\.m2\repository\org\springframework\boot\spring-boot-starter\3.1.9\spring-boot-starter-3.1.9.jar;C:\Users\rgalvezp\.m2\repository\org\springframework\boot\spring-boot\3.1.9\spring-boot-3.1.9.jar;C:\Users\rgalvezp\.m2\repository\org\springframework\boot\spring-boot-autoconfigure\3.1.9\spring-boot-autoconfigure-3.1.9.jar;C:\Users\rgalvezp\.m2\repository\org\springframework\boot\spring-boot-starter-logging\3.1.9\spring-boot-starter-logging-3.1.9.jar;C:\Users\rgalvezp\.m2\repository\ch\qos\logback\logback-classic\1.4.14\logback-classic-1.4.14.jar;C:\Users\rgalvezp\.m2\repository\ch\qos\logback\logback-core\1.4.14\logback-core-1.4.14.jar;C:\Users\rgalvezp\.m2\repository\org\apache\logging\log4j\log4j-to-slf4j\2.20.0\log4j-to-slf4j-2.20.0.jar;C:\Users\rgalvezp\.m2\repository\org\apache\logging\log4j\log4j-api\2.20.0\log4j-api-2.20.0.jar;C:\Users\rgalvezp\.m2\repository\org\slf4j\jul-to-slf4j\2.0.12\jul-to-slf4j-2.0.12.jar;C:\Users\rgalvezp\.m2\repository\jakarta\annotation\jakarta.annotation-api\2.1.1\jakarta.annotation-api-2.1.1.jar;C:\Users\rgalvezp\.m2\repository\org\yaml\snakeyaml\1.33\snakeyaml-1.33.jar;C:\Users\rgalvezp\.m2\repository\org\springframework\boot\spring-boot-starter-json\3.1.9\spring-boot-starter-json-3.1.9.jar;C:\Users\rgalvezp\.m2\repository\com\fasterxml\jackson\datatype\jackson-datatype-jdk8\2.15.4\jackson-datatype-jdk8-2.15.4.jar;C:\Users\rgalvezp\.m2\repository\com\fasterxml\jackson\datatype\jackson-datatype-jsr310\2.15.4\jackson-datatype-jsr310-2.15.4.jar;C:\Users\rgalvezp\.m2\repository\com\fasterxml\jackson\module\jackson-module-parameter-names\2.15.4\jackson-module-parameter-names-2.15.4.jar;C:\Users\rgalvezp\.m2\repository\org\springframework\boot\spring-boot-starter-tomcat\3.1.9\spring-boot-starter-tomcat-3.1.9.jar;C:\Users\rgalvezp\.m2\repository\org\apache\tomcat\embed\tomcat-embed-core\10.1.19\tomcat-embed-core-10.1.19.jar;C:\Users\rgalvezp\.m2\repository\org\apache\tomcat\embed\tomcat-embed-websocket\10.1.19\tomcat-embed-websocket-10.1.19.jar;C:\Users\rgalvezp\.m2\repository\org\springframework\spring-web\6.0.17\spring-web-6.0.17.jar;C:\Users\rgalvezp\.m2\repository\org\springframework\spring-beans\6.0.17\spring-beans-6.0.17.jar;C:\Users\rgalvezp\.m2\repository\io\micrometer\micrometer-observation\1.11.9\micrometer-observation-1.11.9.jar;C:\Users\rgalvezp\.m2\repository\io\micrometer\micrometer-commons\1.11.9\micrometer-commons-1.11.9.jar;C:\Users\rgalvezp\.m2\repository\org\springframework\spring-webmvc\6.0.17\spring-webmvc-6.0.17.jar;C:\Users\rgalvezp\.m2\repository\org\springframework\spring-context\6.0.17\spring-context-6.0.17.jar;C:\Users\rgalvezp\.m2\repository\org\springframework\spring-expression\6.0.17\spring-expression-6.0.17.jar;C:\Users\rgalvezp\.m2\repository\org\springframework\boot\spring-boot-starter-data-jpa\3.1.9\spring-boot-starter-data-jpa-3.1.9.jar;C:\Users\rgalvezp\.m2\repository\org\springframework\boot\spring-boot-starter-aop\3.1.9\spring-boot-starter-aop-3.1.9.jar;C:\Users\rgalvezp\.m2\repository\org\aspectj\aspectjweaver\1.9.21\aspectjweaver-1.9.21.jar;C:\Users\rgalvezp\.m2\repository\org\springframework\boot\spring-boot-starter-jdbc\3.1.9\spring-boot-starter-jdbc-3.1.9.jar;C:\Users\rgalvezp\.m2\repository\com\zaxxer\HikariCP\5.0.1\HikariCP-5.0.1.jar;C:\Users\rgalvezp\.m2\repository\org\springframework\spring-jdbc\6.0.17\spring-jdbc-6.0.17.jar;C:\Users\rgalvezp\.m2\repository\org\hibernate\orm\hibernate-core\6.2.22.Final\hibernate-core-6.2.22.Final.jar;C:\Users\rgalvezp\.m2\repository\jakarta\persistence\jakarta.persistence-api\3.1.0\jakarta.persistence-api-3.1.0.jar;C:\Users\rgalvezp\.m2\repository\jakarta\transaction\jakarta.transaction-api\2.0.1\jakarta.transaction-api-2.0.1.jar;C:\Users\rgalvezp\.m2\repository\org\jboss\logging\jboss-logging\3.5.3.Final\jboss-logging-3.5.3.Final.jar;C:\Users\rgalvezp\.m2\repository\org\hibernate\common\hibernate-commons-annotations\6.0.6.Final\hibernate-commons-annotations-6.0.6.Final.jar;C:\Users\rgalvezp\.m2\repository\io\smallrye\jandex\3.0.5\jandex-3.0.5.jar;C:\Users\rgalvezp\.m2\repository\com\fasterxml\classmate\1.5.1\classmate-1.5.1.jar;C:\Users\rgalvezp\.m2\repository\net\bytebuddy\byte-buddy\1.14.12\byte-buddy-1.14.12.jar;C:\Users\rgalvezp\.m2\repository\org\glassfish\jaxb\jaxb-runtime\4.0.4\jaxb-runtime-4.0.4.jar;C:\Users\rgalvezp\.m2\repository\org\glassfish\jaxb\jaxb-core\4.0.4\jaxb-core-4.0.4.jar;C:\Users\rgalvezp\.m2\repository\org\eclipse\angus\angus-activation\2.0.1\angus-activation-2.0.1.jar;C:\Users\rgalvezp\.m2\repository\org\glassfish\jaxb\txw2\4.0.4\txw2-4.0.4.jar;C:\Users\rgalvezp\.m2\repository\com\sun\istack\istack-commons-runtime\4.1.2\istack-commons-runtime-4.1.2.jar;C:\Users\rgalvezp\.m2\repository\jakarta\inject\jakarta.inject-api\2.0.1\jakarta.inject-api-2.0.1.jar;C:\Users\rgalvezp\.m2\repository\org\antlr\antlr4-runtime\4.10.1\antlr4-runtime-4.10.1.jar;C:\Users\rgalvezp\.m2\repository\org\springframework\data\spring-data-jpa\3.1.9\spring-data-jpa-3.1.9.jar;C:\Users\rgalvezp\.m2\repository\org\springframework\data\spring-data-commons\3.1.9\spring-data-commons-3.1.9.jar;C:\Users\rgalvezp\.m2\repository\org\springframework\spring-orm\6.0.17\spring-orm-6.0.17.jar;C:\Users\rgalvezp\.m2\repository\org\springframework\spring-tx\6.0.17\spring-tx-6.0.17.jar;C:\Users\rgalvezp\.m2\repository\org\slf4j\slf4j-api\2.0.12\slf4j-api-2.0.12.jar;C:\Users\rgalvezp\.m2\repository\org\springframework\spring-aspects\6.0.17\spring-aspects-6.0.17.jar;C:\Users\rgalvezp\.m2\repository\org\springframework\boot\spring-boot-starter-validation\3.1.9\spring-boot-starter-validation-3.1.9.jar;C:\Users\rgalvezp\.m2\repository\org\apache\tomcat\embed\tomcat-embed-el\10.1.19\tomcat-embed-el-10.1.19.jar;C:\Users\rgalvezp\.m2\repository\org\hibernate\validator\hibernate-validator\8.0.1.Final\hibernate-validator-8.0.1.Final.jar;C:\Users\rgalvezp\.m2\repository\jakarta\validation\jakarta.validation-api\3.0.2\jakarta.validation-api-3.0.2.jar;C:\Users\rgalvezp\.m2\repository\org\springframework\boot\spring-boot-starter-security\3.1.9\spring-boot-starter-security-3.1.9.jar;C:\Users\rgalvezp\.m2\repository\org\springframework\spring-aop\6.0.17\spring-aop-6.0.17.jar;C:\Users\rgalvezp\.m2\repository\org\springframework\security\spring-security-config\6.1.7\spring-security-config-6.1.7.jar;C:\Users\rgalvezp\.m2\repository\org\springframework\security\spring-security-web\6.1.7\spring-security-web-6.1.7.jar;C:\Users\rgalvezp\.m2\repository\com\h2database\h2\2.1.214\h2-2.1.214.jar;C:\Users\rgalvezp\.m2\repository\io\jsonwebtoken\jjwt-api\0.11.5\jjwt-api-0.11.5.jar;C:\Users\rgalvezp\.m2\repository\io\jsonwebtoken\jjwt-impl\0.11.5\jjwt-impl-0.11.5.jar;C:\Users\rgalvezp\.m2\repository\io\jsonwebtoken\jjwt-jackson\0.11.5\jjwt-jackson-0.11.5.jar;C:\Users\rgalvezp\.m2\repository\com\fasterxml\jackson\core\jackson-databind\2.15.4\jackson-databind-2.15.4.jar;C:\Users\rgalvezp\.m2\repository\com\fasterxml\jackson\core\jackson-annotations\2.15.4\jackson-annotations-2.15.4.jar;C:\Users\rgalvezp\.m2\repository\com\fasterxml\jackson\core\jackson-core\2.15.4\jackson-core-2.15.4.jar;C:\Users\rgalvezp\.m2\repository\org\springdoc\springdoc-openapi-starter-webmvc-ui\2.1.0\springdoc-openapi-starter-webmvc-ui-2.1.0.jar;C:\Users\rgalvezp\.m2\repository\org\springdoc\springdoc-openapi-starter-webmvc-api\2.1.0\springdoc-openapi-starter-webmvc-api-2.1.0.jar;C:\Users\rgalvezp\.m2\repository\org\springdoc\springdoc-openapi-starter-common\2.1.0\springdoc-openapi-starter-common-2.1.0.jar;C:\Users\rgalvezp\.m2\repository\io\swagger\core\v3\swagger-core-jakarta\2.2.9\swagger-core-jakarta-2.2.9.jar;C:\Users\rgalvezp\.m2\repository\org\apache\commons\commons-lang3\3.12.0\commons-lang3-3.12.0.jar;C:\Users\rgalvezp\.m2\repository\io\swagger\core\v3\swagger-annotations-jakarta\2.2.9\swagger-annotations-jakarta-2.2.9.jar;C:\Users\rgalvezp\.m2\repository\io\swagger\core\v3\swagger-models-jakarta\2.2.9\swagger-models-jakarta-2.2.9.jar;C:\Users\rgalvezp\.m2\repository\com\fasterxml\jackson\dataformat\jackson-dataformat-yaml\2.15.4\jackson-dataformat-yaml-2.15.4.jar;C:\Users\rgalvezp\.m2\repository\org\webjars\swagger-ui\4.18.2\swagger-ui-4.18.2.jar;C:\Users\rgalvezp\.m2\repository\org\projectlombok\lombok\1.18.30\lombok-1.18.30.jar;C:\Users\rgalvezp\.m2\repository\org\springframework\boot\spring-boot-starter-test\3.1.9\spring-boot-starter-test-3.1.9.jar;C:\Users\rgalvezp\.m2\repository\org\springframework\boot\spring-boot-test\3.1.9\spring-boot-test-3.1.9.jar;C:\Users\rgalvezp\.m2\repository\org\springframework\boot\spring-boot-test-autoconfigure\3.1.9\spring-boot-test-autoconfigure-3.1.9.jar;C:\Users\rgalvezp\.m2\repository\com\jayway\jsonpath\json-path\2.9.0\json-path-2.9.0.jar;C:\Users\rgalvezp\.m2\repository\jakarta\xml\bind\jakarta.xml.bind-api\4.0.1\jakarta.xml.bind-api-4.0.1.jar;C:\Users\rgalvezp\.m2\repository\jakarta\activation\jakarta.activation-api\2.1.2\jakarta.activation-api-2.1.2.jar;C:\Users\rgalvezp\.m2\repository\net\minidev\json-smart\2.4.11\json-smart-2.4.11.jar;C:\Users\rgalvezp\.m2\repository\net\minidev\accessors-smart\2.4.11\accessors-smart-2.4.11.jar;C:\Users\rgalvezp\.m2\repository\org\ow2\asm\asm\9.3\asm-9.3.jar;C:\Users\rgalvezp\.m2\repository\org\assertj\assertj-core\3.24.2\assertj-core-3.24.2.jar;C:\Users\rgalvezp\.m2\repository\org\hamcrest\hamcrest\2.2\hamcrest-2.2.jar;C:\Users\rgalvezp\.m2\repository\org\junit\jupiter\junit-jupiter\5.9.3\junit-jupiter-5.9.3.jar;C:\Users\rgalvezp\.m2\repository\org\junit\jupiter\junit-jupiter-api\5.9.3\junit-jupiter-api-5.9.3.jar;C:\Users\rgalvezp\.m2\repository\org\opentest4j\opentest4j\1.2.0\opentest4j-1.2.0.jar;C:\Users\rgalvezp\.m2\repository\org\junit\platform\junit-platform-commons\1.9.3\junit-platform-commons-1.9.3.jar;C:\Users\rgalvezp\.m2\repository\org\apiguardian\apiguardian-api\1.1.2\apiguardian-api-1.1.2.jar;C:\Users\rgalvezp\.m2\repository\org\junit\jupiter\junit-jupiter-params\5.9.3\junit-jupiter-params-5.9.3.jar;C:\Users\rgalvezp\.m2\repository\org\junit\jupiter\junit-jupiter-engine\5.9.3\junit-jupiter-engine-5.9.3.jar;C:\Users\rgalvezp\.m2\repository\org\junit\platform\junit-platform-engine\1.9.3\junit-platform-engine-1.9.3.jar;C:\Users\rgalvezp\.m2\repository\org\mockito\mockito-core\5.3.1\mockito-core-5.3.1.jar;C:\Users\rgalvezp\.m2\repository\net\bytebuddy\byte-buddy-agent\1.14.12\byte-buddy-agent-1.14.12.jar;C:\Users\rgalvezp\.m2\repository\org\objenesis\objenesis\3.3\objenesis-3.3.jar;C:\Users\rgalvezp\.m2\repository\org\mockito\mockito-junit-jupiter\5.3.1\mockito-junit-jupiter-5.3.1.jar;C:\Users\rgalvezp\.m2\repository\org\skyscreamer\jsonassert\1.5.1\jsonassert-1.5.1.jar;C:\Users\rgalvezp\.m2\repository\com\vaadin\external\google\android-json\0.0.20131108.vaadin1\android-json-0.0.20131108.vaadin1.jar;C:\Users\rgalvezp\.m2\repository\org\springframework\spring-core\6.0.17\spring-core-6.0.17.jar;C:\Users\rgalvezp\.m2\repository\org\springframework\spring-jcl\6.0.17\spring-jcl-6.0.17.jar;C:\Users\rgalvezp\.m2\repository\org\springframework\spring-test\6.0.17\spring-test-6.0.17.jar;C:\Users\rgalvezp\.m2\repository\org\xmlunit\xmlunit-core\2.9.1\xmlunit-core-2.9.1.jar;C:\Users\rgalvezp\.m2\repository\org\springframework\security\spring-security-test\6.1.7\spring-security-test-6.1.7.jar;C:\Users\rgalvezp\.m2\repository\org\springframework\security\spring-security-core\6.1.7\spring-security-core-6.1.7.jar;C:\Users\rgalvezp\.m2\repository\org\springframework\security\spring-security-crypto\6.1.7\spring-security-crypto-6.1.7.jar;"/>
    <property name="java.vm.vendor" value="Amazon.com Inc."/>
    <property name="sun.arch.data.model" value="64"/>
    <property name="user.variant" value=""/>
    <property name="java.vendor.url" value="https://aws.amazon.com/corretto/"/>
    <property name="user.timezone" value="America/Santiago"/>
    <property name="os.name" value="Windows 11"/>
    <property name="java.vm.specification.version" value="21"/>
    <property name="sun.java.launcher" value="SUN_STANDARD"/>
    <property name="user.country" value="CL"/>
    <property name="sun.boot.library.path" value="C:\Users\rgalvezp\.jdks\corretto-21.0.6\bin"/>
    <property name="sun.java.command" value="C:\Users\rgalvezp\AppData\Local\Temp\surefire13742023056947759761\surefirebooter-20250316145309566_3.jar C:\Users\rgalvezp\AppData\Local\Temp\surefire13742023056947759761 2025-03-16T14-53-09_310-jvmRun1 surefire-20250316145309566_1tmp surefire_0-20250316145309566_2tmp"/>
    <property name="jdk.debug" value="release"/>
    <property name="surefire.test.class.path" value="C:\Users\rgalvezp\Documents\rorro\desafio-spring-boot\target\test-classes;C:\Users\rgalvezp\Documents\rorro\desafio-spring-boot\target\classes;C:\Users\rgalvezp\.m2\repository\org\springframework\boot\spring-boot-starter-web\3.1.9\spring-boot-starter-web-3.1.9.jar;C:\Users\rgalvezp\.m2\repository\org\springframework\boot\spring-boot-starter\3.1.9\spring-boot-starter-3.1.9.jar;C:\Users\rgalvezp\.m2\repository\org\springframework\boot\spring-boot\3.1.9\spring-boot-3.1.9.jar;C:\Users\rgalvezp\.m2\repository\org\springframework\boot\spring-boot-autoconfigure\3.1.9\spring-boot-autoconfigure-3.1.9.jar;C:\Users\rgalvezp\.m2\repository\org\springframework\boot\spring-boot-starter-logging\3.1.9\spring-boot-starter-logging-3.1.9.jar;C:\Users\rgalvezp\.m2\repository\ch\qos\logback\logback-classic\1.4.14\logback-classic-1.4.14.jar;C:\Users\rgalvezp\.m2\repository\ch\qos\logback\logback-core\1.4.14\logback-core-1.4.14.jar;C:\Users\rgalvezp\.m2\repository\org\apache\logging\log4j\log4j-to-slf4j\2.20.0\log4j-to-slf4j-2.20.0.jar;C:\Users\rgalvezp\.m2\repository\org\apache\logging\log4j\log4j-api\2.20.0\log4j-api-2.20.0.jar;C:\Users\rgalvezp\.m2\repository\org\slf4j\jul-to-slf4j\2.0.12\jul-to-slf4j-2.0.12.jar;C:\Users\rgalvezp\.m2\repository\jakarta\annotation\jakarta.annotation-api\2.1.1\jakarta.annotation-api-2.1.1.jar;C:\Users\rgalvezp\.m2\repository\org\yaml\snakeyaml\1.33\snakeyaml-1.33.jar;C:\Users\rgalvezp\.m2\repository\org\springframework\boot\spring-boot-starter-json\3.1.9\spring-boot-starter-json-3.1.9.jar;C:\Users\rgalvezp\.m2\repository\com\fasterxml\jackson\datatype\jackson-datatype-jdk8\2.15.4\jackson-datatype-jdk8-2.15.4.jar;C:\Users\rgalvezp\.m2\repository\com\fasterxml\jackson\datatype\jackson-datatype-jsr310\2.15.4\jackson-datatype-jsr310-2.15.4.jar;C:\Users\rgalvezp\.m2\repository\com\fasterxml\jackson\module\jackson-module-parameter-names\2.15.4\jackson-module-parameter-names-2.15.4.jar;C:\Users\rgalvezp\.m2\repository\org\springframework\boot\spring-boot-starter-tomcat\3.1.9\spring-boot-starter-tomcat-3.1.9.jar;C:\Users\rgalvezp\.m2\repository\org\apache\tomcat\embed\tomcat-embed-core\10.1.19\tomcat-embed-core-10.1.19.jar;C:\Users\rgalvezp\.m2\repository\org\apache\tomcat\embed\tomcat-embed-websocket\10.1.19\tomcat-embed-websocket-10.1.19.jar;C:\Users\rgalvezp\.m2\repository\org\springframework\spring-web\6.0.17\spring-web-6.0.17.jar;C:\Users\rgalvezp\.m2\repository\org\springframework\spring-beans\6.0.17\spring-beans-6.0.17.jar;C:\Users\rgalvezp\.m2\repository\io\micrometer\micrometer-observation\1.11.9\micrometer-observation-1.11.9.jar;C:\Users\rgalvezp\.m2\repository\io\micrometer\micrometer-commons\1.11.9\micrometer-commons-1.11.9.jar;C:\Users\rgalvezp\.m2\repository\org\springframework\spring-webmvc\6.0.17\spring-webmvc-6.0.17.jar;C:\Users\rgalvezp\.m2\repository\org\springframework\spring-context\6.0.17\spring-context-6.0.17.jar;C:\Users\rgalvezp\.m2\repository\org\springframework\spring-expression\6.0.17\spring-expression-6.0.17.jar;C:\Users\rgalvezp\.m2\repository\org\springframework\boot\spring-boot-starter-data-jpa\3.1.9\spring-boot-starter-data-jpa-3.1.9.jar;C:\Users\rgalvezp\.m2\repository\org\springframework\boot\spring-boot-starter-aop\3.1.9\spring-boot-starter-aop-3.1.9.jar;C:\Users\rgalvezp\.m2\repository\org\aspectj\aspectjweaver\1.9.21\aspectjweaver-1.9.21.jar;C:\Users\rgalvezp\.m2\repository\org\springframework\boot\spring-boot-starter-jdbc\3.1.9\spring-boot-starter-jdbc-3.1.9.jar;C:\Users\rgalvezp\.m2\repository\com\zaxxer\HikariCP\5.0.1\HikariCP-5.0.1.jar;C:\Users\rgalvezp\.m2\repository\org\springframework\spring-jdbc\6.0.17\spring-jdbc-6.0.17.jar;C:\Users\rgalvezp\.m2\repository\org\hibernate\orm\hibernate-core\6.2.22.Final\hibernate-core-6.2.22.Final.jar;C:\Users\rgalvezp\.m2\repository\jakarta\persistence\jakarta.persistence-api\3.1.0\jakarta.persistence-api-3.1.0.jar;C:\Users\rgalvezp\.m2\repository\jakarta\transaction\jakarta.transaction-api\2.0.1\jakarta.transaction-api-2.0.1.jar;C:\Users\rgalvezp\.m2\repository\org\jboss\logging\jboss-logging\3.5.3.Final\jboss-logging-3.5.3.Final.jar;C:\Users\rgalvezp\.m2\repository\org\hibernate\common\hibernate-commons-annotations\6.0.6.Final\hibernate-commons-annotations-6.0.6.Final.jar;C:\Users\rgalvezp\.m2\repository\io\smallrye\jandex\3.0.5\jandex-3.0.5.jar;C:\Users\rgalvezp\.m2\repository\com\fasterxml\classmate\1.5.1\classmate-1.5.1.jar;C:\Users\rgalvezp\.m2\repository\net\bytebuddy\byte-buddy\1.14.12\byte-buddy-1.14.12.jar;C:\Users\rgalvezp\.m2\repository\org\glassfish\jaxb\jaxb-runtime\4.0.4\jaxb-runtime-4.0.4.jar;C:\Users\rgalvezp\.m2\repository\org\glassfish\jaxb\jaxb-core\4.0.4\jaxb-core-4.0.4.jar;C:\Users\rgalvezp\.m2\repository\org\eclipse\angus\angus-activation\2.0.1\angus-activation-2.0.1.jar;C:\Users\rgalvezp\.m2\repository\org\glassfish\jaxb\txw2\4.0.4\txw2-4.0.4.jar;C:\Users\rgalvezp\.m2\repository\com\sun\istack\istack-commons-runtime\4.1.2\istack-commons-runtime-4.1.2.jar;C:\Users\rgalvezp\.m2\repository\jakarta\inject\jakarta.inject-api\2.0.1\jakarta.inject-api-2.0.1.jar;C:\Users\rgalvezp\.m2\repository\org\antlr\antlr4-runtime\4.10.1\antlr4-runtime-4.10.1.jar;C:\Users\rgalvezp\.m2\repository\org\springframework\data\spring-data-jpa\3.1.9\spring-data-jpa-3.1.9.jar;C:\Users\rgalvezp\.m2\repository\org\springframework\data\spring-data-commons\3.1.9\spring-data-commons-3.1.9.jar;C:\Users\rgalvezp\.m2\repository\org\springframework\spring-orm\6.0.17\spring-orm-6.0.17.jar;C:\Users\rgalvezp\.m2\repository\org\springframework\spring-tx\6.0.17\spring-tx-6.0.17.jar;C:\Users\rgalvezp\.m2\repository\org\slf4j\slf4j-api\2.0.12\slf4j-api-2.0.12.jar;C:\Users\rgalvezp\.m2\repository\org\springframework\spring-aspects\6.0.17\spring-aspects-6.0.17.jar;C:\Users\rgalvezp\.m2\repository\org\springframework\boot\spring-boot-starter-validation\3.1.9\spring-boot-starter-validation-3.1.9.jar;C:\Users\rgalvezp\.m2\repository\org\apache\tomcat\embed\tomcat-embed-el\10.1.19\tomcat-embed-el-10.1.19.jar;C:\Users\rgalvezp\.m2\repository\org\hibernate\validator\hibernate-validator\8.0.1.Final\hibernate-validator-8.0.1.Final.jar;C:\Users\rgalvezp\.m2\repository\jakarta\validation\jakarta.validation-api\3.0.2\jakarta.validation-api-3.0.2.jar;C:\Users\rgalvezp\.m2\repository\org\springframework\boot\spring-boot-starter-security\3.1.9\spring-boot-starter-security-3.1.9.jar;C:\Users\rgalvezp\.m2\repository\org\springframework\spring-aop\6.0.17\spring-aop-6.0.17.jar;C:\Users\rgalvezp\.m2\repository\org\springframework\security\spring-security-config\6.1.7\spring-security-config-6.1.7.jar;C:\Users\rgalvezp\.m2\repository\org\springframework\security\spring-security-web\6.1.7\spring-security-web-6.1.7.jar;C:\Users\rgalvezp\.m2\repository\com\h2database\h2\2.1.214\h2-2.1.214.jar;C:\Users\rgalvezp\.m2\repository\io\jsonwebtoken\jjwt-api\0.11.5\jjwt-api-0.11.5.jar;C:\Users\rgalvezp\.m2\repository\io\jsonwebtoken\jjwt-impl\0.11.5\jjwt-impl-0.11.5.jar;C:\Users\rgalvezp\.m2\repository\io\jsonwebtoken\jjwt-jackson\0.11.5\jjwt-jackson-0.11.5.jar;C:\Users\rgalvezp\.m2\repository\com\fasterxml\jackson\core\jackson-databind\2.15.4\jackson-databind-2.15.4.jar;C:\Users\rgalvezp\.m2\repository\com\fasterxml\jackson\core\jackson-annotations\2.15.4\jackson-annotations-2.15.4.jar;C:\Users\rgalvezp\.m2\repository\com\fasterxml\jackson\core\jackson-core\2.15.4\jackson-core-2.15.4.jar;C:\Users\rgalvezp\.m2\repository\org\springdoc\springdoc-openapi-starter-webmvc-ui\2.1.0\springdoc-openapi-starter-webmvc-ui-2.1.0.jar;C:\Users\rgalvezp\.m2\repository\org\springdoc\springdoc-openapi-starter-webmvc-api\2.1.0\springdoc-openapi-starter-webmvc-api-2.1.0.jar;C:\Users\rgalvezp\.m2\repository\org\springdoc\springdoc-openapi-starter-common\2.1.0\springdoc-openapi-starter-common-2.1.0.jar;C:\Users\rgalvezp\.m2\repository\io\swagger\core\v3\swagger-core-jakarta\2.2.9\swagger-core-jakarta-2.2.9.jar;C:\Users\rgalvezp\.m2\repository\org\apache\commons\commons-lang3\3.12.0\commons-lang3-3.12.0.jar;C:\Users\rgalvezp\.m2\repository\io\swagger\core\v3\swagger-annotations-jakarta\2.2.9\swagger-annotations-jakarta-2.2.9.jar;C:\Users\rgalvezp\.m2\repository\io\swagger\core\v3\swagger-models-jakarta\2.2.9\swagger-models-jakarta-2.2.9.jar;C:\Users\rgalvezp\.m2\repository\com\fasterxml\jackson\dataformat\jackson-dataformat-yaml\2.15.4\jackson-dataformat-yaml-2.15.4.jar;C:\Users\rgalvezp\.m2\repository\org\webjars\swagger-ui\4.18.2\swagger-ui-4.18.2.jar;C:\Users\rgalvezp\.m2\repository\org\projectlombok\lombok\1.18.30\lombok-1.18.30.jar;C:\Users\rgalvezp\.m2\repository\org\springframework\boot\spring-boot-starter-test\3.1.9\spring-boot-starter-test-3.1.9.jar;C:\Users\rgalvezp\.m2\repository\org\springframework\boot\spring-boot-test\3.1.9\spring-boot-test-3.1.9.jar;C:\Users\rgalvezp\.m2\repository\org\springframework\boot\spring-boot-test-autoconfigure\3.1.9\spring-boot-test-autoconfigure-3.1.9.jar;C:\Users\rgalvezp\.m2\repository\com\jayway\jsonpath\json-path\2.9.0\json-path-2.9.0.jar;C:\Users\rgalvezp\.m2\repository\jakarta\xml\bind\jakarta.xml.bind-api\4.0.1\jakarta.xml.bind-api-4.0.1.jar;C:\Users\rgalvezp\.m2\repository\jakarta\activation\jakarta.activation-api\2.1.2\jakarta.activation-api-2.1.2.jar;C:\Users\rgalvezp\.m2\repository\net\minidev\json-smart\2.4.11\json-smart-2.4.11.jar;C:\Users\rgalvezp\.m2\repository\net\minidev\accessors-smart\2.4.11\accessors-smart-2.4.11.jar;C:\Users\rgalvezp\.m2\repository\org\ow2\asm\asm\9.3\asm-9.3.jar;C:\Users\rgalvezp\.m2\repository\org\assertj\assertj-core\3.24.2\assertj-core-3.24.2.jar;C:\Users\rgalvezp\.m2\repository\org\hamcrest\hamcrest\2.2\hamcrest-2.2.jar;C:\Users\rgalvezp\.m2\repository\org\junit\jupiter\junit-jupiter\5.9.3\junit-jupiter-5.9.3.jar;C:\Users\rgalvezp\.m2\repository\org\junit\jupiter\junit-jupiter-api\5.9.3\junit-jupiter-api-5.9.3.jar;C:\Users\rgalvezp\.m2\repository\org\opentest4j\opentest4j\1.2.0\opentest4j-1.2.0.jar;C:\Users\rgalvezp\.m2\repository\org\junit\platform\junit-platform-commons\1.9.3\junit-platform-commons-1.9.3.jar;C:\Users\rgalvezp\.m2\repository\org\apiguardian\apiguardian-api\1.1.2\apiguardian-api-1.1.2.jar;C:\Users\rgalvezp\.m2\repository\org\junit\jupiter\junit-jupiter-params\5.9.3\junit-jupiter-params-5.9.3.jar;C:\Users\rgalvezp\.m2\repository\org\junit\jupiter\junit-jupiter-engine\5.9.3\junit-jupiter-engine-5.9.3.jar;C:\Users\rgalvezp\.m2\repository\org\junit\platform\junit-platform-engine\1.9.3\junit-platform-engine-1.9.3.jar;C:\Users\rgalvezp\.m2\repository\org\mockito\mockito-core\5.3.1\mockito-core-5.3.1.jar;C:\Users\rgalvezp\.m2\repository\net\bytebuddy\byte-buddy-agent\1.14.12\byte-buddy-agent-1.14.12.jar;C:\Users\rgalvezp\.m2\repository\org\objenesis\objenesis\3.3\objenesis-3.3.jar;C:\Users\rgalvezp\.m2\repository\org\mockito\mockito-junit-jupiter\5.3.1\mockito-junit-jupiter-5.3.1.jar;C:\Users\rgalvezp\.m2\repository\org\skyscreamer\jsonassert\1.5.1\jsonassert-1.5.1.jar;C:\Users\rgalvezp\.m2\repository\com\vaadin\external\google\android-json\0.0.20131108.vaadin1\android-json-0.0.20131108.vaadin1.jar;C:\Users\rgalvezp\.m2\repository\org\springframework\spring-core\6.0.17\spring-core-6.0.17.jar;C:\Users\rgalvezp\.m2\repository\org\springframework\spring-jcl\6.0.17\spring-jcl-6.0.17.jar;C:\Users\rgalvezp\.m2\repository\org\springframework\spring-test\6.0.17\spring-test-6.0.17.jar;C:\Users\rgalvezp\.m2\repository\org\xmlunit\xmlunit-core\2.9.1\xmlunit-core-2.9.1.jar;C:\Users\rgalvezp\.m2\repository\org\springframework\security\spring-security-test\6.1.7\spring-security-test-6.1.7.jar;C:\Users\rgalvezp\.m2\repository\org\springframework\security\spring-security-core\6.1.7\spring-security-core-6.1.7.jar;C:\Users\rgalvezp\.m2\repository\org\springframework\security\spring-security-crypto\6.1.7\spring-security-crypto-6.1.7.jar;"/>
    <property name="sun.cpu.endian" value="little"/>
    <property name="user.home" value="C:\Users\rgalvezp"/>
    <property name="user.language" value="es"/>
    <property name="java.specification.vendor" value="Oracle Corporation"/>
    <property name="java.version.date" value="2025-01-21"/>
    <property name="java.home" value="C:\Users\rgalvezp\.jdks\corretto-21.0.6"/>
    <property name="file.separator" value="\"/>
    <property name="basedir" value="C:\Users\rgalvezp\Documents\rorro\desafio-spring-boot"/>
    <property name="java.vm.compressedOopsMode" value="Zero based"/>
    <property name="line.separator" value="&#10;"/>
    <property name="java.vm.specification.vendor" value="Oracle Corporation"/>
    <property name="java.specification.name" value="Java Platform API Specification"/>
    <property name="surefire.real.class.path" value="C:\Users\rgalvezp\AppData\Local\Temp\surefire13742023056947759761\surefirebooter-20250316145309566_3.jar"/>
    <property name="user.script" value=""/>
    <property name="sun.management.compiler" value="HotSpot 64-Bit Tiered Compilers"/>
    <property name="java.runtime.version" value="21.0.6+7-LTS"/>
    <property name="user.name" value="rgalvezp"/>
    <property name="stdout.encoding" value="Cp1252"/>
    <property name="path.separator" value=";"/>
    <property name="os.version" value="10.0"/>
    <property name="java.runtime.name" value="OpenJDK Runtime Environment"/>
    <property name="file.encoding" value="UTF-8"/>
    <property name="java.vm.name" value="OpenJDK 64-Bit Server VM"/>
    <property name="java.vendor.version" value="Corretto-21.0.6.7.1"/>
    <property name="localRepository" value="C:\Users\rgalvezp\.m2\repository"/>
    <property name="java.vendor.url.bug" value="https://github.com/corretto/corretto-21/issues/"/>
    <property name="java.io.tmpdir" value="C:\Users\rgalvezp\AppData\Local\Temp\"/>
    <property name="idea.version" value="2024.3.2"/>
    <property name="java.version" value="21.0.6"/>
    <property name="user.dir" value="C:\Users\rgalvezp\Documents\rorro\desafio-spring-boot"/>
    <property name="os.arch" value="amd64"/>
    <property name="java.vm.specification.name" value="Java Virtual Machine Specification"/>
    <property name="sun.os.patch.level" value=""/>
    <property name="native.encoding" value="Cp1252"/>
    <property name="java.library.path" value="C:\Users\rgalvezp\.jdks\corretto-21.0.6\bin;C:\WINDOWS\Sun\Java\bin;C:\WINDOWS\system32;C:\WINDOWS;C:\Windows\system32;C:\Windows;C:\Windows\System32\Wbem;C:\Windows\System32\WindowsPowerShell\v1.0\;C:\Windows\System32\OpenSSH\;C:\Program Files\dotnet\;C:\Program Files (x86)\NVIDIA Corporation\PhysX\Common;C:\Users\mfloresy\Documents\openjdk-23\jdk-23\bin;C:\Program Files\Git\cmd;C:\Program Files\Amazon\AWSCLIV2\;%SystemRoot%\system32;%SystemRoot%;%SystemRoot%\System32\Wbem;%SYSTEMROOT%\System32\WindowsPowerShell\v1.0\;%SYSTEMROOT%\System32\OpenSSH\;C:\Users\rgalvezp\AppData\Local\Microsoft\WindowsApps;C:\Users\rgalvezp\AppData\Local\GitHubDesktop\bin;C:\Users\rgalvezp\AppData\Local\Programs\cursor\resources\app\bin;;."/>
    <property name="java.vm.info" value="mixed mode, sharing"/>
    <property name="stderr.encoding" value="Cp1252"/>
    <property name="java.vendor" value="Amazon.com Inc."/>
    <property name="java.vm.version" value="21.0.6+7-LTS"/>
    <property name="sun.io.unicode.encoding" value="UnicodeLittle"/>
    <property name="java.class.version" value="65.0"/>
  </properties>
  <testcase name="eliminarTarea_DebeRetornarNoContent_CuandoExisteTarea" classname="com.nuevospa.gestiontareas.api.delegate.TareasApiDelegateImplTest" time="0.068">
    <system-out><![CDATA[14:53:12.629 [main] INFO com.nuevospa.gestiontareas.api.delegate.TareasApiDelegateImpl -- Eliminando tarea con ID: 77054ec5-6f01-4580-991a-b238b7210668
]]></system-out>
  </testcase>
  <testcase name="obtenerTareaPorId_DebeRetornarNotFound_CuandoNoExisteTarea" classname="com.nuevospa.gestiontareas.api.delegate.TareasApiDelegateImplTest" time="0.002">
    <system-out><![CDATA[14:53:12.633 [main] INFO com.nuevospa.gestiontareas.api.delegate.TareasApiDelegateImpl -- Obteniendo tarea con ID: bc008430-98ec-4f47-a601-fa2f83d44fb8
]]></system-out>
  </testcase>
  <testcase name="obtenerTareas_DebeRetornarPageTarea_CuandoSeInvocaConFiltros" classname="com.nuevospa.gestiontareas.api.delegate.TareasApiDelegateImplTest" time="0.033">
    <system-out><![CDATA[14:53:12.639 [main] INFO com.nuevospa.gestiontareas.api.delegate.TareasApiDelegateImpl -- Obteniendo tareas con filtros: estadoId=1, usuarioId=null, prioridad=1, page=0, size=10, sort=fechaCreacion,desc
]]></system-out>
  </testcase>
  <testcase name="obtenerTareaPorId_DebeRetornarTarea_CuandoExisteTarea" classname="com.nuevospa.gestiontareas.api.delegate.TareasApiDelegateImplTest" time="0.003">
    <system-out><![CDATA[14:53:12.671 [main] INFO com.nuevospa.gestiontareas.api.delegate.TareasApiDelegateImpl -- Obteniendo tarea con ID: 5162e28a-b448-457d-8bf5-3e86fbcfe700
]]></system-out>
  </testcase>
  <testcase name="crearTarea_DebeRetornarCreated_CuandoTareaEsValida" classname="com.nuevospa.gestiontareas.api.delegate.TareasApiDelegateImplTest" time="0.058">
    <system-out><![CDATA[14:53:12.694 [main] INFO com.nuevospa.gestiontareas.api.delegate.TareasApiDelegateImpl -- Creando nueva tarea: Tarea(id=eca6403d-9632-4038-bbc6-fcea867ebe49, titulo=Tarea de prueba, descripcion=Descripción de prueba, fechaCreacion=2025-03-16T14:53:12.673257500, fechaVencimiento=null, usuarioAsignado=null, usuarioAsignadoId=null, estado=null, estadoId=1, prioridad=null, prioridadId=1, usuarioCreador=null, usuarioCreadorId=null)
]]></system-out>
  </testcase>
  <testcase name="actualizarTarea_DebeRetornarTareaActualizada_CuandoExisteTarea" classname="com.nuevospa.gestiontareas.api.delegate.TareasApiDelegateImplTest" time="0.004">
    <system-out><![CDATA[14:53:12.733 [main] INFO com.nuevospa.gestiontareas.api.delegate.TareasApiDelegateImpl -- Actualizando tarea con ID: 7ea7c92f-7b07-4158-8eed-9dc4874189c3
]]></system-out>
  </testcase>
  <testcase name="actualizarEstadoTarea_DebeRetornarNotFound_CuandoNoExisteTarea" classname="com.nuevospa.gestiontareas.api.delegate.TareasApiDelegateImplTest" time="0.001">
    <system-out><![CDATA[14:53:12.737 [main] INFO com.nuevospa.gestiontareas.api.delegate.TareasApiDelegateImpl -- Actualizando estado de tarea con ID: 72dea0dc-36aa-42ae-9842-10823228aca5 a estado: 2
]]></system-out>
  </testcase>
  <testcase name="eliminarTarea_DebeRetornarNotFound_CuandoNoExisteTarea" classname="com.nuevospa.gestiontareas.api.delegate.TareasApiDelegateImplTest" time="0.002">
    <system-out><![CDATA[14:53:12.741 [main] INFO com.nuevospa.gestiontareas.api.delegate.TareasApiDelegateImpl -- Eliminando tarea con ID: 4164a977-6b0c-43ee-9f2e-e4f96c064466
]]></system-out>
  </testcase>
  <testcase name="actualizarTarea_DebeRetornarNotFound_CuandoNoExisteTarea" classname="com.nuevospa.gestiontareas.api.delegate.TareasApiDelegateImplTest" time="0.002">
    <system-out><![CDATA[14:53:12.743 [main] INFO com.nuevospa.gestiontareas.api.delegate.TareasApiDelegateImpl -- Actualizando tarea con ID: a8848a62-ef8b-490d-bb6f-70c1a56d870d
]]></system-out>
  </testcase>
  <testcase name="actualizarEstadoTarea_DebeRetornarTareaActualizada_CuandoExisteTarea" classname="com.nuevospa.gestiontareas.api.delegate.TareasApiDelegateImplTest" time="0.001">
    <system-out><![CDATA[14:53:12.745 [main] INFO com.nuevospa.gestiontareas.api.delegate.TareasApiDelegateImpl -- Actualizando estado de tarea con ID: 01819f19-3524-45cd-ae30-f8fed6239160 a estado: 2
]]></system-out>
  </testcase>
</testsuite>