<?xml version="1.0" encoding="UTF-8"?>
<testsuite xmlns:xsi="http://www.w3.org/2001/XMLSchema-instance" xsi:noNamespaceSchemaLocation="https://maven.apache.org/surefire/maven-surefire-plugin/xsd/surefire-test-report-3.0.xsd" version="3.0" name="com.nuevospa.gestiontareas.service.TareaServiceTest" time="0.461" tests="16" errors="0" skipped="0" failures="0">
  <properties>
    <property name="java.specification.version" value="21"/>
    <property name="sun.cpu.isalist" value="amd64"/>
    <property name="sun.jnu.encoding" value="Cp1252"/>
    <property name="java.class.path" value="C:\Users\rgalvezp\Documents\rorro\desafio-spring-boot\target\test-classes;C:\Users\rgalvezp\Documents\rorro\desafio-spring-boot\target\classes;C:\Users\rgalvezp\.m2\repository\org\springframework\boot\spring-boot-starter-web\3.1.9\spring-boot-starter-web-3.1.9.jar;C:\Users\rgalvezp\.m2\repository\org\springframework\boot\spring-boot-starter\3.1.9\spring-boot-starter-3.1.9.jar;C:\Users\rgalvezp\.m2\repository\org\springframework\boot\spring-boot\3.1.9\spring-boot-3.1.9.jar;C:\Users\rgalvezp\.m2\repository\org\springframework\boot\spring-boot-autoconfigure\3.1.9\spring-boot-autoconfigure-3.1.9.jar;C:\Users\rgalvezp\.m2\repository\org\springframework\boot\spring-boot-starter-logging\3.1.9\spring-boot-starter-logging-3.1.9.jar;C:\Users\rgalvezp\.m2\repository\ch\qos\logback\logback-classic\1.4.14\logback-classic-1.4.14.jar;C:\Users\rgalvezp\.m2\repository\ch\qos\logback\logback-core\1.4.14\logback-core-1.4.14.jar;C:\Users\rgalvezp\.m2\repository\org\apache\logging\log4j\log4j-to-slf4j\2.20.0\log4j-to-slf4j-2.20.0.jar;C:\Users\rgalvezp\.m2\repository\org\apache\logging\log4j\log4j-api\2.20.0\log4j-api-2.20.0.jar;C:\Users\rgalvezp\.m2\repository\org\slf4j\jul-to-slf4j\2.0.12\jul-to-slf4j-2.0.12.jar;C:\Users\rgalvezp\.m2\repository\jakarta\annotation\jakarta.annotation-api\2.1.1\jakarta.annotation-api-2.1.1.jar;C:\Users\rgalvezp\.m2\repository\org\yaml\snakeyaml\1.33\snakeyaml-1.33.jar;C:\Users\rgalvezp\.m2\repository\org\springframework\boot\spring-boot-starter-json\3.1.9\spring-boot-starter-json-3.1.9.jar;C:\Users\rgalvezp\.m2\repository\com\fasterxml\jackson\datatype\jackson-datatype-jdk8\2.15.4\jackson-datatype-jdk8-2.15.4.jar;C:\Users\rgalvezp\.m2\repository\com\fasterxml\jackson\datatype\jackson-datatype-jsr310\2.15.4\jackson-datatype-jsr310-2.15.4.jar;C:\Users\rgalvezp\.m2\repository\com\fasterxml\jackson\module\jackson-module-parameter-names\2.15.4\jackson-module-parameter-names-2.15.4.jar;C:\Users\rgalvezp\.m2\repository\org\springframework\boot\spring-boot-starter-tomcat\3.1.9\spring-boot-starter-tomcat-3.1.9.jar;C:\Users\rgalvezp\.m2\repository\org\apache\tomcat\embed\tomcat-embed-core\10.1.19\tomcat-embed-core-10.1.19.jar;C:\Users\rgalvezp\.m2\repository\org\apache\tomcat\embed\tomcat-embed-websocket\10.1.19\tomcat-embed-websocket-10.1.19.jar;C:\Users\rgalvezp\.m2\repository\org\springframework\spring-web\6.0.17\spring-web-6.0.17.jar;C:\Users\rgalvezp\.m2\repository\org\springframework\spring-beans\6.0.17\spring-beans-6.0.17.jar;C:\Users\rgalvezp\.m2\repository\io\micrometer\micrometer-observation\1.11.9\micrometer-observation-1.11.9.jar;C:\Users\rgalvezp\.m2\repository\io\micrometer\micrometer-commons\1.11.9\micrometer-commons-1.11.9.jar;C:\Users\rgalvezp\.m2\repository\org\springframework\spring-webmvc\6.0.17\spring-webmvc-6.0.17.jar;C:\Users\rgalvezp\.m2\repository\org\springframework\spring-context\6.0.17\spring-context-6.0.17.jar;C:\Users\rgalvezp\.m2\repository\org\springframework\spring-expression\6.0.17\spring-expression-6.0.17.jar;C:\Users\rgalvezp\.m2\repository\org\springframework\boot\spring-boot-starter-data-jpa\3.1.9\spring-boot-starter-data-jpa-3.1.9.jar;C:\Users\rgalvezp\.m2\repository\org\springframework\boot\spring-boot-starter-aop\3.1.9\spring-boot-starter-aop-3.1.9.jar;C:\Users\rgalvezp\.m2\repository\org\aspectj\aspectjweaver\1.9.21\aspectjweaver-1.9.21.jar;C:\Users\rgalvezp\.m2\repository\org\springframework\boot\spring-boot-starter-jdbc\3.1.9\spring-boot-starter-jdbc-3.1.9.jar;C:\Users\rgalvezp\.m2\repository\com\zaxxer\HikariCP\5.0.1\HikariCP-5.0.1.jar;C:\Users\rgalvezp\.m2\repository\org\springframework\spring-jdbc\6.0.17\spring-jdbc-6.0.17.jar;C:\Users\rgalvezp\.m2\repository\org\hibernate\orm\hibernate-core\6.2.22.Final\hibernate-core-6.2.22.Final.jar;C:\Users\rgalvezp\.m2\repository\jakarta\persistence\jakarta.persistence-api\3.1.0\jakarta.persistence-api-3.1.0.jar;C:\Users\rgalvezp\.m2\repository\jakarta\transaction\jakarta.transaction-api\2.0.1\jakarta.transaction-api-2.0.1.jar;C:\Users\rgalvezp\.m2\repository\org\jboss\logging\jboss-logging\3.5.3.Final\jboss-logging-3.5.3.Final.jar;C:\Users\rgalvezp\.m2\repository\org\hibernate\common\hibernate-commons-annotations\6.0.6.Final\hibernate-commons-annotations-6.0.6.Final.jar;C:\Users\rgalvezp\.m2\repository\io\smallrye\jandex\3.0.5\jandex-3.0.5.jar;C:\Users\rgalvezp\.m2\repository\com\fasterxml\classmate\1.5.1\classmate-1.5.1.jar;C:\Users\rgalvezp\.m2\repository\net\bytebuddy\byte-buddy\1.14.12\byte-buddy-1.14.12.jar;C:\Users\rgalvezp\.m2\repository\org\glassfish\jaxb\jaxb-runtime\4.0.4\jaxb-runtime-4.0.4.jar;C:\Users\rgalvezp\.m2\repository\org\glassfish\jaxb\jaxb-core\4.0.4\jaxb-core-4.0.4.jar;C:\Users\rgalvezp\.m2\repository\org\eclipse\angus\angus-activation\2.0.1\angus-activation-2.0.1.jar;C:\Users\rgalvezp\.m2\repository\org\glassfish\jaxb\txw2\4.0.4\txw2-4.0.4.jar;C:\Users\rgalvezp\.m2\repository\com\sun\istack\istack-commons-runtime\4.1.2\istack-commons-runtime-4.1.2.jar;C:\Users\rgalvezp\.m2\repository\jakarta\inject\jakarta.inject-api\2.0.1\jakarta.inject-api-2.0.1.jar;C:\Users\rgalvezp\.m2\repository\org\antlr\antlr4-runtime\4.10.1\antlr4-runtime-4.10.1.jar;C:\Users\rgalvezp\.m2\repository\org\springframework\data\spring-data-jpa\3.1.9\spring-data-jpa-3.1.9.jar;C:\Users\rgalvezp\.m2\repository\org\springframework\data\spring-data-commons\3.1.9\spring-data-commons-3.1.9.jar;C:\Users\rgalvezp\.m2\repository\org\springframework\spring-orm\6.0.17\spring-orm-6.0.17.jar;C:\Users\rgalvezp\.m2\repository\org\springframework\spring-tx\6.0.17\spring-tx-6.0.17.jar;C:\Users\rgalvezp\.m2\repository\org\slf4j\slf4j-api\2.0.12\slf4j-api-2.0.12.jar;C:\Users\rgalvezp\.m2\repository\org\springframework\spring-aspects\6.0.17\spring-aspects-6.0.17.jar;C:\Users\rgalvezp\.m2\repository\org\springframework\boot\spring-boot-starter-validation\3.1.9\spring-boot-starter-validation-3.1.9.jar;C:\Users\rgalvezp\.m2\repository\org\apache\tomcat\embed\tomcat-embed-el\10.1.19\tomcat-embed-el-10.1.19.jar;C:\Users\rgalvezp\.m2\repository\org\hibernate\validator\hibernate-validator\8.0.1.Final\hibernate-validator-8.0.1.Final.jar;C:\Users\rgalvezp\.m2\repository\jakarta\validation\jakarta.validation-api\3.0.2\jakarta.validation-api-3.0.2.jar;C:\Users\rgalvezp\.m2\repository\org\springframework\boot\spring-boot-starter-security\3.1.9\spring-boot-starter-security-3.1.9.jar;C:\Users\rgalvezp\.m2\repository\org\springframework\spring-aop\6.0.17\spring-aop-6.0.17.jar;C:\Users\rgalvezp\.m2\repository\org\springframework\security\spring-security-config\6.1.7\spring-security-config-6.1.7.jar;C:\Users\rgalvezp\.m2\repository\org\springframework\security\spring-security-web\6.1.7\spring-security-web-6.1.7.jar;C:\Users\rgalvezp\.m2\repository\com\h2database\h2\2.1.214\h2-2.1.214.jar;C:\Users\rgalvezp\.m2\repository\io\jsonwebtoken\jjwt-api\0.11.5\jjwt-api-0.11.5.jar;C:\Users\rgalvezp\.m2\repository\io\jsonwebtoken\jjwt-impl\0.11.5\jjwt-impl-0.11.5.jar;C:\Users\rgalvezp\.m2\repository\io\jsonwebtoken\jjwt-jackson\0.11.5\jjwt-jackson-0.11.5.jar;C:\Users\rgalvezp\.m2\repository\com\fasterxml\jackson\core\jackson-databind\2.15.4\jackson-databind-2.15.4.jar;C:\Users\rgalvezp\.m2\repository\com\fasterxml\jackson\core\jackson-annotations\2.15.4\jackson-annotations-2.15.4.jar;C:\Users\rgalvezp\.m2\repository\com\fasterxml\jackson\core\jackson-core\2.15.4\jackson-core-2.15.4.jar;C:\Users\rgalvezp\.m2\repository\org\springdoc\springdoc-openapi-starter-webmvc-ui\2.1.0\springdoc-openapi-starter-webmvc-ui-2.1.0.jar;C:\Users\rgalvezp\.m2\repository\org\springdoc\springdoc-openapi-starter-webmvc-api\2.1.0\springdoc-openapi-starter-webmvc-api-2.1.0.jar;C:\Users\rgalvezp\.m2\repository\org\springdoc\springdoc-openapi-starter-common\2.1.0\springdoc-openapi-starter-common-2.1.0.jar;C:\Users\rgalvezp\.m2\repository\io\swagger\core\v3\swagger-core-jakarta\2.2.9\swagger-core-jakarta-2.2.9.jar;C:\Users\rgalvezp\.m2\repository\org\apache\commons\commons-lang3\3.12.0\commons-lang3-3.12.0.jar;C:\Users\rgalvezp\.m2\repository\io\swagger\core\v3\swagger-annotations-jakarta\2.2.9\swagger-annotations-jakarta-2.2.9.jar;C:\Users\rgalvezp\.m2\repository\io\swagger\core\v3\swagger-models-jakarta\2.2.9\swagger-models-jakarta-2.2.9.jar;C:\Users\rgalvezp\.m2\repository\com\fasterxml\jackson\dataformat\jackson-dataformat-yaml\2.15.4\jackson-dataformat-yaml-2.15.4.jar;C:\Users\rgalvezp\.m2\repository\org\webjars\swagger-ui\4.18.2\swagger-ui-4.18.2.jar;C:\Users\rgalvezp\.m2\repository\org\projectlombok\lombok\1.18.30\lombok-1.18.30.jar;C:\Users\rgalvezp\.m2\repository\org\springframework\boot\spring-boot-starter-test\3.1.9\spring-boot-starter-test-3.1.9.jar;C:\Users\rgalvezp\.m2\repository\org\springframework\boot\spring-boot-test\3.1.9\spring-boot-test-3.1.9.jar;C:\Users\rgalvezp\.m2\repository\org\springframework\boot\spring-boot-test-autoconfigure\3.1.9\spring-boot-test-autoconfigure-3.1.9.jar;C:\Users\rgalvezp\.m2\repository\com\jayway\jsonpath\json-path\2.9.0\json-path-2.9.0.jar;C:\Users\rgalvezp\.m2\repository\jakarta\xml\bind\jakarta.xml.bind-api\4.0.1\jakarta.xml.bind-api-4.0.1.jar;C:\Users\rgalvezp\.m2\repository\jakarta\activation\jakarta.activation-api\2.1.2\jakarta.activation-api-2.1.2.jar;C:\Users\rgalvezp\.m2\repository\net\minidev\json-smart\2.4.11\json-smart-2.4.11.jar;C:\Users\rgalvezp\.m2\repository\net\minidev\accessors-smart\2.4.11\accessors-smart-2.4.11.jar;C:\Users\rgalvezp\.m2\repository\org\ow2\asm\asm\9.3\asm-9.3.jar;C:\Users\rgalvezp\.m2\repository\org\assertj\assertj-core\3.24.2\assertj-core-3.24.2.jar;C:\Users\rgalvezp\.m2\repository\org\hamcrest\hamcrest\2.2\hamcrest-2.2.jar;C:\Users\rgalvezp\.m2\repository\org\junit\jupiter\junit-jupiter\5.9.3\junit-jupiter-5.9.3.jar;C:\Users\rgalvezp\.m2\repository\org\junit\jupiter\junit-jupiter-api\5.9.3\junit-jupiter-api-5.9.3.jar;C:\Users\rgalvezp\.m2\repository\org\opentest4j\opentest4j\1.2.0\opentest4j-1.2.0.jar;C:\Users\rgalvezp\.m2\repository\org\junit\platform\junit-platform-commons\1.9.3\junit-platform-commons-1.9.3.jar;C:\Users\rgalvezp\.m2\repository\org\apiguardian\apiguardian-api\1.1.2\apiguardian-api-1.1.2.jar;C:\Users\rgalvezp\.m2\repository\org\junit\jupiter\junit-jupiter-params\5.9.3\junit-jupiter-params-5.9.3.jar;C:\Users\rgalvezp\.m2\repository\org\junit\jupiter\junit-jupiter-engine\5.9.3\junit-jupiter-engine-5.9.3.jar;C:\Users\rgalvezp\.m2\repository\org\junit\platform\junit-platform-engine\1.9.3\junit-platform-engine-1.9.3.jar;C:\Users\rgalvezp\.m2\repository\org\mockito\mockito-core\5.3.1\mockito-core-5.3.1.jar;C:\Users\rgalvezp\.m2\repository\net\bytebuddy\byte-buddy-agent\1.14.12\byte-buddy-agent-1.14.12.jar;C:\Users\rgalvezp\.m2\repository\org\objenesis\objenesis\3.3\objenesis-3.3.jar;C:\Users\rgalvezp\.m2\repository\org\mockito\mockito-junit-jupiter\5.3.1\mockito-junit-jupiter-5.3.1.jar;C:\Users\rgalvezp\.m2\repository\org\skyscreamer\jsonassert\1.5.1\jsonassert-1.5.1.jar;C:\Users\rgalvezp\.m2\repository\com\vaadin\external\google\android-json\0.0.20131108.vaadin1\android-json-0.0.20131108.vaadin1.jar;C:\Users\rgalvezp\.m2\repository\org\springframework\spring-core\6.0.17\spring-core-6.0.17.jar;C:\Users\rgalvezp\.m2\repository\org\springframework\spring-jcl\6.0.17\spring-jcl-6.0.17.jar;C:\Users\rgalvezp\.m2\repository\org\springframework\spring-test\6.0.17\spring-test-6.0.17.jar;C:\Users\rgalvezp\.m2\repository\org\xmlunit\xmlunit-core\2.9.1\xmlunit-core-2.9.1.jar;C:\Users\rgalvezp\.m2\repository\org\springframework\security\spring-security-test\6.1.7\spring-security-test-6.1.7.jar;C:\Users\rgalvezp\.m2\repository\org\springframework\security\spring-security-core\6.1.7\spring-security-core-6.1.7.jar;C:\Users\rgalvezp\.m2\repository\org\springframework\security\spring-security-crypto\6.1.7\spring-security-crypto-6.1.7.jar;"/>
    <property name="java.vm.vendor" value="Amazon.com Inc."/>
    <property name="sun.arch.data.model" value="64"/>
    <property name="user.variant" value=""/>
    <property name="java.vendor.url" value="https://aws.amazon.com/corretto/"/>
    <property name="user.timezone" value="America/Santiago"/>
    <property name="os.name" value="Windows 11"/>
    <property name="java.vm.specification.version" value="21"/>
    <property name="sun.java.launcher" value="SUN_STANDARD"/>
    <property name="user.country" value="CL"/>
    <property name="sun.boot.library.path" value="C:\Users\rgalvezp\.jdks\corretto-21.0.6\bin"/>
    <property name="sun.java.command" value="C:\Users\rgalvezp\AppData\Local\Temp\surefire13742023056947759761\surefirebooter-20250316145309566_3.jar C:\Users\rgalvezp\AppData\Local\Temp\surefire13742023056947759761 2025-03-16T14-53-09_310-jvmRun1 surefire-20250316145309566_1tmp surefire_0-20250316145309566_2tmp"/>
    <property name="jdk.debug" value="release"/>
    <property name="surefire.test.class.path" value="C:\Users\rgalvezp\Documents\rorro\desafio-spring-boot\target\test-classes;C:\Users\rgalvezp\Documents\rorro\desafio-spring-boot\target\classes;C:\Users\rgalvezp\.m2\repository\org\springframework\boot\spring-boot-starter-web\3.1.9\spring-boot-starter-web-3.1.9.jar;C:\Users\rgalvezp\.m2\repository\org\springframework\boot\spring-boot-starter\3.1.9\spring-boot-starter-3.1.9.jar;C:\Users\rgalvezp\.m2\repository\org\springframework\boot\spring-boot\3.1.9\spring-boot-3.1.9.jar;C:\Users\rgalvezp\.m2\repository\org\springframework\boot\spring-boot-autoconfigure\3.1.9\spring-boot-autoconfigure-3.1.9.jar;C:\Users\rgalvezp\.m2\repository\org\springframework\boot\spring-boot-starter-logging\3.1.9\spring-boot-starter-logging-3.1.9.jar;C:\Users\rgalvezp\.m2\repository\ch\qos\logback\logback-classic\1.4.14\logback-classic-1.4.14.jar;C:\Users\rgalvezp\.m2\repository\ch\qos\logback\logback-core\1.4.14\logback-core-1.4.14.jar;C:\Users\rgalvezp\.m2\repository\org\apache\logging\log4j\log4j-to-slf4j\2.20.0\log4j-to-slf4j-2.20.0.jar;C:\Users\rgalvezp\.m2\repository\org\apache\logging\log4j\log4j-api\2.20.0\log4j-api-2.20.0.jar;C:\Users\rgalvezp\.m2\repository\org\slf4j\jul-to-slf4j\2.0.12\jul-to-slf4j-2.0.12.jar;C:\Users\rgalvezp\.m2\repository\jakarta\annotation\jakarta.annotation-api\2.1.1\jakarta.annotation-api-2.1.1.jar;C:\Users\rgalvezp\.m2\repository\org\yaml\snakeyaml\1.33\snakeyaml-1.33.jar;C:\Users\rgalvezp\.m2\repository\org\springframework\boot\spring-boot-starter-json\3.1.9\spring-boot-starter-json-3.1.9.jar;C:\Users\rgalvezp\.m2\repository\com\fasterxml\jackson\datatype\jackson-datatype-jdk8\2.15.4\jackson-datatype-jdk8-2.15.4.jar;C:\Users\rgalvezp\.m2\repository\com\fasterxml\jackson\datatype\jackson-datatype-jsr310\2.15.4\jackson-datatype-jsr310-2.15.4.jar;C:\Users\rgalvezp\.m2\repository\com\fasterxml\jackson\module\jackson-module-parameter-names\2.15.4\jackson-module-parameter-names-2.15.4.jar;C:\Users\rgalvezp\.m2\repository\org\springframework\boot\spring-boot-starter-tomcat\3.1.9\spring-boot-starter-tomcat-3.1.9.jar;C:\Users\rgalvezp\.m2\repository\org\apache\tomcat\embed\tomcat-embed-core\10.1.19\tomcat-embed-core-10.1.19.jar;C:\Users\rgalvezp\.m2\repository\org\apache\tomcat\embed\tomcat-embed-websocket\10.1.19\tomcat-embed-websocket-10.1.19.jar;C:\Users\rgalvezp\.m2\repository\org\springframework\spring-web\6.0.17\spring-web-6.0.17.jar;C:\Users\rgalvezp\.m2\repository\org\springframework\spring-beans\6.0.17\spring-beans-6.0.17.jar;C:\Users\rgalvezp\.m2\repository\io\micrometer\micrometer-observation\1.11.9\micrometer-observation-1.11.9.jar;C:\Users\rgalvezp\.m2\repository\io\micrometer\micrometer-commons\1.11.9\micrometer-commons-1.11.9.jar;C:\Users\rgalvezp\.m2\repository\org\springframework\spring-webmvc\6.0.17\spring-webmvc-6.0.17.jar;C:\Users\rgalvezp\.m2\repository\org\springframework\spring-context\6.0.17\spring-context-6.0.17.jar;C:\Users\rgalvezp\.m2\repository\org\springframework\spring-expression\6.0.17\spring-expression-6.0.17.jar;C:\Users\rgalvezp\.m2\repository\org\springframework\boot\spring-boot-starter-data-jpa\3.1.9\spring-boot-starter-data-jpa-3.1.9.jar;C:\Users\rgalvezp\.m2\repository\org\springframework\boot\spring-boot-starter-aop\3.1.9\spring-boot-starter-aop-3.1.9.jar;C:\Users\rgalvezp\.m2\repository\org\aspectj\aspectjweaver\1.9.21\aspectjweaver-1.9.21.jar;C:\Users\rgalvezp\.m2\repository\org\springframework\boot\spring-boot-starter-jdbc\3.1.9\spring-boot-starter-jdbc-3.1.9.jar;C:\Users\rgalvezp\.m2\repository\com\zaxxer\HikariCP\5.0.1\HikariCP-5.0.1.jar;C:\Users\rgalvezp\.m2\repository\org\springframework\spring-jdbc\6.0.17\spring-jdbc-6.0.17.jar;C:\Users\rgalvezp\.m2\repository\org\hibernate\orm\hibernate-core\6.2.22.Final\hibernate-core-6.2.22.Final.jar;C:\Users\rgalvezp\.m2\repository\jakarta\persistence\jakarta.persistence-api\3.1.0\jakarta.persistence-api-3.1.0.jar;C:\Users\rgalvezp\.m2\repository\jakarta\transaction\jakarta.transaction-api\2.0.1\jakarta.transaction-api-2.0.1.jar;C:\Users\rgalvezp\.m2\repository\org\jboss\logging\jboss-logging\3.5.3.Final\jboss-logging-3.5.3.Final.jar;C:\Users\rgalvezp\.m2\repository\org\hibernate\common\hibernate-commons-annotations\6.0.6.Final\hibernate-commons-annotations-6.0.6.Final.jar;C:\Users\rgalvezp\.m2\repository\io\smallrye\jandex\3.0.5\jandex-3.0.5.jar;C:\Users\rgalvezp\.m2\repository\com\fasterxml\classmate\1.5.1\classmate-1.5.1.jar;C:\Users\rgalvezp\.m2\repository\net\bytebuddy\byte-buddy\1.14.12\byte-buddy-1.14.12.jar;C:\Users\rgalvezp\.m2\repository\org\glassfish\jaxb\jaxb-runtime\4.0.4\jaxb-runtime-4.0.4.jar;C:\Users\rgalvezp\.m2\repository\org\glassfish\jaxb\jaxb-core\4.0.4\jaxb-core-4.0.4.jar;C:\Users\rgalvezp\.m2\repository\org\eclipse\angus\angus-activation\2.0.1\angus-activation-2.0.1.jar;C:\Users\rgalvezp\.m2\repository\org\glassfish\jaxb\txw2\4.0.4\txw2-4.0.4.jar;C:\Users\rgalvezp\.m2\repository\com\sun\istack\istack-commons-runtime\4.1.2\istack-commons-runtime-4.1.2.jar;C:\Users\rgalvezp\.m2\repository\jakarta\inject\jakarta.inject-api\2.0.1\jakarta.inject-api-2.0.1.jar;C:\Users\rgalvezp\.m2\repository\org\antlr\antlr4-runtime\4.10.1\antlr4-runtime-4.10.1.jar;C:\Users\rgalvezp\.m2\repository\org\springframework\data\spring-data-jpa\3.1.9\spring-data-jpa-3.1.9.jar;C:\Users\rgalvezp\.m2\repository\org\springframework\data\spring-data-commons\3.1.9\spring-data-commons-3.1.9.jar;C:\Users\rgalvezp\.m2\repository\org\springframework\spring-orm\6.0.17\spring-orm-6.0.17.jar;C:\Users\rgalvezp\.m2\repository\org\springframework\spring-tx\6.0.17\spring-tx-6.0.17.jar;C:\Users\rgalvezp\.m2\repository\org\slf4j\slf4j-api\2.0.12\slf4j-api-2.0.12.jar;C:\Users\rgalvezp\.m2\repository\org\springframework\spring-aspects\6.0.17\spring-aspects-6.0.17.jar;C:\Users\rgalvezp\.m2\repository\org\springframework\boot\spring-boot-starter-validation\3.1.9\spring-boot-starter-validation-3.1.9.jar;C:\Users\rgalvezp\.m2\repository\org\apache\tomcat\embed\tomcat-embed-el\10.1.19\tomcat-embed-el-10.1.19.jar;C:\Users\rgalvezp\.m2\repository\org\hibernate\validator\hibernate-validator\8.0.1.Final\hibernate-validator-8.0.1.Final.jar;C:\Users\rgalvezp\.m2\repository\jakarta\validation\jakarta.validation-api\3.0.2\jakarta.validation-api-3.0.2.jar;C:\Users\rgalvezp\.m2\repository\org\springframework\boot\spring-boot-starter-security\3.1.9\spring-boot-starter-security-3.1.9.jar;C:\Users\rgalvezp\.m2\repository\org\springframework\spring-aop\6.0.17\spring-aop-6.0.17.jar;C:\Users\rgalvezp\.m2\repository\org\springframework\security\spring-security-config\6.1.7\spring-security-config-6.1.7.jar;C:\Users\rgalvezp\.m2\repository\org\springframework\security\spring-security-web\6.1.7\spring-security-web-6.1.7.jar;C:\Users\rgalvezp\.m2\repository\com\h2database\h2\2.1.214\h2-2.1.214.jar;C:\Users\rgalvezp\.m2\repository\io\jsonwebtoken\jjwt-api\0.11.5\jjwt-api-0.11.5.jar;C:\Users\rgalvezp\.m2\repository\io\jsonwebtoken\jjwt-impl\0.11.5\jjwt-impl-0.11.5.jar;C:\Users\rgalvezp\.m2\repository\io\jsonwebtoken\jjwt-jackson\0.11.5\jjwt-jackson-0.11.5.jar;C:\Users\rgalvezp\.m2\repository\com\fasterxml\jackson\core\jackson-databind\2.15.4\jackson-databind-2.15.4.jar;C:\Users\rgalvezp\.m2\repository\com\fasterxml\jackson\core\jackson-annotations\2.15.4\jackson-annotations-2.15.4.jar;C:\Users\rgalvezp\.m2\repository\com\fasterxml\jackson\core\jackson-core\2.15.4\jackson-core-2.15.4.jar;C:\Users\rgalvezp\.m2\repository\org\springdoc\springdoc-openapi-starter-webmvc-ui\2.1.0\springdoc-openapi-starter-webmvc-ui-2.1.0.jar;C:\Users\rgalvezp\.m2\repository\org\springdoc\springdoc-openapi-starter-webmvc-api\2.1.0\springdoc-openapi-starter-webmvc-api-2.1.0.jar;C:\Users\rgalvezp\.m2\repository\org\springdoc\springdoc-openapi-starter-common\2.1.0\springdoc-openapi-starter-common-2.1.0.jar;C:\Users\rgalvezp\.m2\repository\io\swagger\core\v3\swagger-core-jakarta\2.2.9\swagger-core-jakarta-2.2.9.jar;C:\Users\rgalvezp\.m2\repository\org\apache\commons\commons-lang3\3.12.0\commons-lang3-3.12.0.jar;C:\Users\rgalvezp\.m2\repository\io\swagger\core\v3\swagger-annotations-jakarta\2.2.9\swagger-annotations-jakarta-2.2.9.jar;C:\Users\rgalvezp\.m2\repository\io\swagger\core\v3\swagger-models-jakarta\2.2.9\swagger-models-jakarta-2.2.9.jar;C:\Users\rgalvezp\.m2\repository\com\fasterxml\jackson\dataformat\jackson-dataformat-yaml\2.15.4\jackson-dataformat-yaml-2.15.4.jar;C:\Users\rgalvezp\.m2\repository\org\webjars\swagger-ui\4.18.2\swagger-ui-4.18.2.jar;C:\Users\rgalvezp\.m2\repository\org\projectlombok\lombok\1.18.30\lombok-1.18.30.jar;C:\Users\rgalvezp\.m2\repository\org\springframework\boot\spring-boot-starter-test\3.1.9\spring-boot-starter-test-3.1.9.jar;C:\Users\rgalvezp\.m2\repository\org\springframework\boot\spring-boot-test\3.1.9\spring-boot-test-3.1.9.jar;C:\Users\rgalvezp\.m2\repository\org\springframework\boot\spring-boot-test-autoconfigure\3.1.9\spring-boot-test-autoconfigure-3.1.9.jar;C:\Users\rgalvezp\.m2\repository\com\jayway\jsonpath\json-path\2.9.0\json-path-2.9.0.jar;C:\Users\rgalvezp\.m2\repository\jakarta\xml\bind\jakarta.xml.bind-api\4.0.1\jakarta.xml.bind-api-4.0.1.jar;C:\Users\rgalvezp\.m2\repository\jakarta\activation\jakarta.activation-api\2.1.2\jakarta.activation-api-2.1.2.jar;C:\Users\rgalvezp\.m2\repository\net\minidev\json-smart\2.4.11\json-smart-2.4.11.jar;C:\Users\rgalvezp\.m2\repository\net\minidev\accessors-smart\2.4.11\accessors-smart-2.4.11.jar;C:\Users\rgalvezp\.m2\repository\org\ow2\asm\asm\9.3\asm-9.3.jar;C:\Users\rgalvezp\.m2\repository\org\assertj\assertj-core\3.24.2\assertj-core-3.24.2.jar;C:\Users\rgalvezp\.m2\repository\org\hamcrest\hamcrest\2.2\hamcrest-2.2.jar;C:\Users\rgalvezp\.m2\repository\org\junit\jupiter\junit-jupiter\5.9.3\junit-jupiter-5.9.3.jar;C:\Users\rgalvezp\.m2\repository\org\junit\jupiter\junit-jupiter-api\5.9.3\junit-jupiter-api-5.9.3.jar;C:\Users\rgalvezp\.m2\repository\org\opentest4j\opentest4j\1.2.0\opentest4j-1.2.0.jar;C:\Users\rgalvezp\.m2\repository\org\junit\platform\junit-platform-commons\1.9.3\junit-platform-commons-1.9.3.jar;C:\Users\rgalvezp\.m2\repository\org\apiguardian\apiguardian-api\1.1.2\apiguardian-api-1.1.2.jar;C:\Users\rgalvezp\.m2\repository\org\junit\jupiter\junit-jupiter-params\5.9.3\junit-jupiter-params-5.9.3.jar;C:\Users\rgalvezp\.m2\repository\org\junit\jupiter\junit-jupiter-engine\5.9.3\junit-jupiter-engine-5.9.3.jar;C:\Users\rgalvezp\.m2\repository\org\junit\platform\junit-platform-engine\1.9.3\junit-platform-engine-1.9.3.jar;C:\Users\rgalvezp\.m2\repository\org\mockito\mockito-core\5.3.1\mockito-core-5.3.1.jar;C:\Users\rgalvezp\.m2\repository\net\bytebuddy\byte-buddy-agent\1.14.12\byte-buddy-agent-1.14.12.jar;C:\Users\rgalvezp\.m2\repository\org\objenesis\objenesis\3.3\objenesis-3.3.jar;C:\Users\rgalvezp\.m2\repository\org\mockito\mockito-junit-jupiter\5.3.1\mockito-junit-jupiter-5.3.1.jar;C:\Users\rgalvezp\.m2\repository\org\skyscreamer\jsonassert\1.5.1\jsonassert-1.5.1.jar;C:\Users\rgalvezp\.m2\repository\com\vaadin\external\google\android-json\0.0.20131108.vaadin1\android-json-0.0.20131108.vaadin1.jar;C:\Users\rgalvezp\.m2\repository\org\springframework\spring-core\6.0.17\spring-core-6.0.17.jar;C:\Users\rgalvezp\.m2\repository\org\springframework\spring-jcl\6.0.17\spring-jcl-6.0.17.jar;C:\Users\rgalvezp\.m2\repository\org\springframework\spring-test\6.0.17\spring-test-6.0.17.jar;C:\Users\rgalvezp\.m2\repository\org\xmlunit\xmlunit-core\2.9.1\xmlunit-core-2.9.1.jar;C:\Users\rgalvezp\.m2\repository\org\springframework\security\spring-security-test\6.1.7\spring-security-test-6.1.7.jar;C:\Users\rgalvezp\.m2\repository\org\springframework\security\spring-security-core\6.1.7\spring-security-core-6.1.7.jar;C:\Users\rgalvezp\.m2\repository\org\springframework\security\spring-security-crypto\6.1.7\spring-security-crypto-6.1.7.jar;"/>
    <property name="sun.cpu.endian" value="little"/>
    <property name="user.home" value="C:\Users\rgalvezp"/>
    <property name="user.language" value="es"/>
    <property name="java.specification.vendor" value="Oracle Corporation"/>
    <property name="java.version.date" value="2025-01-21"/>
    <property name="java.home" value="C:\Users\rgalvezp\.jdks\corretto-21.0.6"/>
    <property name="file.separator" value="\"/>
    <property name="basedir" value="C:\Users\rgalvezp\Documents\rorro\desafio-spring-boot"/>
    <property name="java.vm.compressedOopsMode" value="Zero based"/>
    <property name="line.separator" value="&#10;"/>
    <property name="java.vm.specification.vendor" value="Oracle Corporation"/>
    <property name="java.specification.name" value="Java Platform API Specification"/>
    <property name="surefire.real.class.path" value="C:\Users\rgalvezp\AppData\Local\Temp\surefire13742023056947759761\surefirebooter-20250316145309566_3.jar"/>
    <property name="user.script" value=""/>
    <property name="sun.management.compiler" value="HotSpot 64-Bit Tiered Compilers"/>
    <property name="java.runtime.version" value="21.0.6+7-LTS"/>
    <property name="user.name" value="rgalvezp"/>
    <property name="stdout.encoding" value="Cp1252"/>
    <property name="path.separator" value=";"/>
    <property name="os.version" value="10.0"/>
    <property name="java.runtime.name" value="OpenJDK Runtime Environment"/>
    <property name="file.encoding" value="UTF-8"/>
    <property name="java.vm.name" value="OpenJDK 64-Bit Server VM"/>
    <property name="java.vendor.version" value="Corretto-21.0.6.7.1"/>
    <property name="localRepository" value="C:\Users\rgalvezp\.m2\repository"/>
    <property name="java.vendor.url.bug" value="https://github.com/corretto/corretto-21/issues/"/>
    <property name="java.io.tmpdir" value="C:\Users\rgalvezp\AppData\Local\Temp\"/>
    <property name="idea.version" value="2024.3.2"/>
    <property name="java.version" value="21.0.6"/>
    <property name="user.dir" value="C:\Users\rgalvezp\Documents\rorro\desafio-spring-boot"/>
    <property name="os.arch" value="amd64"/>
    <property name="java.vm.specification.name" value="Java Virtual Machine Specification"/>
    <property name="sun.os.patch.level" value=""/>
    <property name="native.encoding" value="Cp1252"/>
    <property name="java.library.path" value="C:\Users\rgalvezp\.jdks\corretto-21.0.6\bin;C:\WINDOWS\Sun\Java\bin;C:\WINDOWS\system32;C:\WINDOWS;C:\Windows\system32;C:\Windows;C:\Windows\System32\Wbem;C:\Windows\System32\WindowsPowerShell\v1.0\;C:\Windows\System32\OpenSSH\;C:\Program Files\dotnet\;C:\Program Files (x86)\NVIDIA Corporation\PhysX\Common;C:\Users\mfloresy\Documents\openjdk-23\jdk-23\bin;C:\Program Files\Git\cmd;C:\Program Files\Amazon\AWSCLIV2\;%SystemRoot%\system32;%SystemRoot%;%SystemRoot%\System32\Wbem;%SYSTEMROOT%\System32\WindowsPowerShell\v1.0\;%SYSTEMROOT%\System32\OpenSSH\;C:\Users\rgalvezp\AppData\Local\Microsoft\WindowsApps;C:\Users\rgalvezp\AppData\Local\GitHubDesktop\bin;C:\Users\rgalvezp\AppData\Local\Programs\cursor\resources\app\bin;;."/>
    <property name="java.vm.info" value="mixed mode, sharing"/>
    <property name="stderr.encoding" value="Cp1252"/>
    <property name="java.vendor" value="Amazon.com Inc."/>
    <property name="java.vm.version" value="21.0.6+7-LTS"/>
    <property name="sun.io.unicode.encoding" value="UnicodeLittle"/>
    <property name="java.class.version" value="65.0"/>
  </properties>
  <testcase name="update_DebeRetornarTareaDTO_CuandoDatosValidos" classname="com.nuevospa.gestiontareas.service.TareaServiceTest" time="0.314">
    <system-out><![CDATA[14:53:14.947 [main] INFO com.nuevospa.gestiontareas.service.TareaService -- Actualizando tarea: TareaActualizarDTO(id=183430e6-615a-4e06-891f-243dae824cbc, titulo=Tarea actualizada, descripcion=Descripción actualizada, fechaVencimiento=null, usuarioId=125d8806-97b2-43b4-9018-f4a46c52dcb0, estadoId=1, prioridadId=1)
14:53:14.956 [main] INFO com.nuevospa.gestiontareas.service.TareaService -- Tarea actualizada: ID=183430e6-615a-4e06-891f-243dae824cbc
]]></system-out>
  </testcase>
  <testcase name="findById_DebeRetornarTarea_CuandoExiste" classname="com.nuevospa.gestiontareas.service.TareaServiceTest" time="0.007">
    <system-out><![CDATA[14:53:14.968 [main] INFO com.nuevospa.gestiontareas.service.TareaService -- Buscando tarea con ID: 6b056c82-edf4-4f72-b67a-f8a81410e897
]]></system-out>
  </testcase>
  <testcase name="findFiltered_DebeRetornarPageTarea_CuandoNoHayFiltros" classname="com.nuevospa.gestiontareas.service.TareaServiceTest" time="0.007">
    <system-out><![CDATA[14:53:14.977 [main] INFO com.nuevospa.gestiontareas.service.TareaService -- Obteniendo tareas con filtros: estadoId=null, usuarioId=null, prioridadId=null
]]></system-out>
  </testcase>
  <testcase name="cambiarEstado_DebeRetornarEmpty_CuandoNoExisteEstado" classname="com.nuevospa.gestiontareas.service.TareaServiceTest" time="0.011">
    <system-out><![CDATA[14:53:14.985 [main] INFO com.nuevospa.gestiontareas.service.TareaService -- Cambiando estado de tarea 8e81afc0-c67e-44e6-afc1-d053bb3ddd73 a estadoId=1
]]></system-out>
  </testcase>
  <testcase name="deleteById_DebeEliminarTarea" classname="com.nuevospa.gestiontareas.service.TareaServiceTest" time="0.003">
    <system-out><![CDATA[14:53:14.995 [main] INFO com.nuevospa.gestiontareas.service.TareaService -- Eliminando tarea con ID: 290790c1-a720-4cd1-b86e-e91cc2e10e67
]]></system-out>
  </testcase>
  <testcase name="create_DebeLanzarExcepcion_CuandoNoExistePrioridad" classname="com.nuevospa.gestiontareas.service.TareaServiceTest" time="0.006">
    <system-out><![CDATA[14:53:14.997 [main] INFO com.nuevospa.gestiontareas.service.TareaService -- Creando nueva tarea: TareaCrearDTO(titulo=Nueva tarea, descripcion=Nueva descripción, fechaVencimiento=null, usuarioId=2c053e58-861c-4257-b2c4-9c2ba0b6c578, estadoId=1, prioridadId=1)
]]></system-out>
  </testcase>
  <testcase name="update_DebeLanzarExcepcion_CuandoNoExisteTarea" classname="com.nuevospa.gestiontareas.service.TareaServiceTest" time="0.004">
    <system-out><![CDATA[14:53:15.007 [main] INFO com.nuevospa.gestiontareas.service.TareaService -- Actualizando tarea: TareaActualizarDTO(id=93c12601-1ab7-43c2-bf83-d4ac30a96eb0, titulo=Tarea actualizada, descripcion=Descripción actualizada, fechaVencimiento=null, usuarioId=7f064640-6704-49ac-9ce8-3f357f77f340, estadoId=1, prioridadId=1)
]]></system-out>
  </testcase>
  <testcase name="create_DebeLanzarExcepcion_CuandoNoExisteUsuario" classname="com.nuevospa.gestiontareas.service.TareaServiceTest" time="0.005">
    <system-out><![CDATA[14:53:15.011 [main] INFO com.nuevospa.gestiontareas.service.TareaService -- Creando nueva tarea: TareaCrearDTO(titulo=Nueva tarea, descripcion=Nueva descripción, fechaVencimiento=null, usuarioId=7889d415-5c43-411d-9252-edbe79a4d0bb, estadoId=1, prioridadId=1)
]]></system-out>
  </testcase>
  <testcase name="findFiltered_DebeRetornarPageTarea_CuandoHayFiltroEstado" classname="com.nuevospa.gestiontareas.service.TareaServiceTest" time="0.011">
    <system-out><![CDATA[14:53:15.023 [main] INFO com.nuevospa.gestiontareas.service.TareaService -- Obteniendo tareas con filtros: estadoId=1, usuarioId=null, prioridadId=null
]]></system-out>
  </testcase>
  <testcase name="cambiarEstado_DebeRetornarTareaActualizada_CuandoExisteTareaYEstado" classname="com.nuevospa.gestiontareas.service.TareaServiceTest" time="0.003">
    <system-out><![CDATA[14:53:15.028 [main] INFO com.nuevospa.gestiontareas.service.TareaService -- Cambiando estado de tarea a5c7b8c6-74e4-4ff2-a6ab-2a34aefa76aa a estadoId=1
]]></system-out>
  </testcase>
  <testcase name="save_DebeRetornarTareaGuardada" classname="com.nuevospa.gestiontareas.service.TareaServiceTest" time="0.008">
    <system-out><![CDATA[14:53:15.037 [main] INFO com.nuevospa.gestiontareas.service.TareaService -- Guardando tarea: Tarea(id=fa525873-e189-4f01-ab6f-21d332ff142b, titulo=Tarea de prueba, descripcion=Descripción de prueba, fechaCreacion=2025-03-16T14:53:15.037056800, fechaVencimiento=null, usuarioAsignado=Usuario(id=06d18bf5-597d-4795-830d-44a4163199d5, nombre=Usuario Test, email=usuario@test.com, password=null, apellido=null, rol=null, fechaCreacion=null), usuarioAsignadoId=null, estado=EstadoTarea(id=1, nombre=PENDIENTE, descripcion=null), estadoId=1, prioridad=Prioridad(id=1, nombre=ALTA, descripcion=null), prioridadId=1, usuarioCreador=null, usuarioCreadorId=null)
]]></system-out>
  </testcase>
  <testcase name="findFiltered_DebeRetornarPageTarea_CuandoHayFiltroUsuario" classname="com.nuevospa.gestiontareas.service.TareaServiceTest" time="0.012">
    <system-out><![CDATA[14:53:15.048 [main] INFO com.nuevospa.gestiontareas.service.TareaService -- Obteniendo tareas con filtros: estadoId=null, usuarioId=2d383e3f-c18c-4d8c-b57a-43aa217dfeb1, prioridadId=null
]]></system-out>
  </testcase>
  <testcase name="create_DebeLanzarExcepcion_CuandoNoExisteEstado" classname="com.nuevospa.gestiontareas.service.TareaServiceTest" time="0.006">
    <system-out><![CDATA[14:53:15.066 [main] INFO com.nuevospa.gestiontareas.service.TareaService -- Creando nueva tarea: TareaCrearDTO(titulo=Nueva tarea, descripcion=Nueva descripción, fechaVencimiento=null, usuarioId=ee7e6a76-36fc-411b-9481-3612719ee3ee, estadoId=1, prioridadId=1)
]]></system-out>
  </testcase>
  <testcase name="cambiarEstado_DebeRetornarEmpty_CuandoNoExisteTarea" classname="com.nuevospa.gestiontareas.service.TareaServiceTest" time="0.005">
    <system-out><![CDATA[14:53:15.071 [main] INFO com.nuevospa.gestiontareas.service.TareaService -- Cambiando estado de tarea a8abe64f-e437-4727-bab2-8eaa5d1eb22c a estadoId=1
]]></system-out>
  </testcase>
  <testcase name="findFiltered_DebeRetornarPageTarea_CuandoHayFiltroPrioridad" classname="com.nuevospa.gestiontareas.service.TareaServiceTest" time="0.008">
    <system-out><![CDATA[14:53:15.082 [main] INFO com.nuevospa.gestiontareas.service.TareaService -- Obteniendo tareas con filtros: estadoId=null, usuarioId=null, prioridadId=1
]]></system-out>
  </testcase>
  <testcase name="create_DebeRetornarTareaDTO_CuandoDatosValidos" classname="com.nuevospa.gestiontareas.service.TareaServiceTest" time="0.02">
    <system-out><![CDATA[14:53:15.091 [main] INFO com.nuevospa.gestiontareas.service.TareaService -- Creando nueva tarea: TareaCrearDTO(titulo=Nueva tarea, descripcion=Nueva descripción, fechaVencimiento=null, usuarioId=44c50eca-7873-4a77-b5c9-ef323a7cf5e3, estadoId=1, prioridadId=1)
14:53:15.101 [main] INFO com.nuevospa.gestiontareas.service.TareaService -- Tarea creada con ID: 1f59112c-b857-4543-ad44-39ec4033786f
]]></system-out>
  </testcase>
</testsuite>